<?xml version="1.0" encoding="UTF-8"?>
<coverage generated="1743535887845" clover="3.2.0">
  <project timestamp="1743535887845" name="All files">
    <metrics statements="25" coveredstatements="24" conditionals="0" coveredconditionals="0" methods="4" coveredmethods="3" elements="29" coveredelements="27" complexity="0" loc="25" ncloc="25" packages="1" files="4" classes="4"/>
    <file name="class.js" path="/Users/sarahallerheiligen/Desktop/CourseFeedback/models/class.js">
      <metrics statements="6" coveredstatements="6" conditionals="0" coveredconditionals="0" methods="1" coveredmethods="1"/>
      <line num="1" count="1" type="stmt"/>
      <line num="3" count="1" type="stmt"/>
      <line num="5" count="1" type="stmt"/>
      <line num="18" count="1" type="stmt"/>
      <line num="19" count="1" type="stmt"/>
      <line num="23" count="1" type="stmt"/>
    </file>
    <file name="feedback.js" path="/Users/sarahallerheiligen/Desktop/CourseFeedback/models/feedback.js">
      <metrics statements="6" coveredstatements="6" conditionals="0" coveredconditionals="0" methods="1" coveredmethods="1"/>
      <line num="1" count="2" type="stmt"/>
      <line num="3" count="2" type="stmt"/>
      <line num="5" count="2" type="stmt"/>
      <line num="26" count="2" type="stmt"/>
      <line num="27" count="1" type="stmt"/>
      <line num="31" count="2" type="stmt"/>
    </file>
    <file name="lesson.js" path="/Users/sarahallerheiligen/Desktop/CourseFeedback/models/lesson.js">
      <metrics statements="7" coveredstatements="7" conditionals="0" coveredconditionals="0" methods="1" coveredmethods="1"/>
      <line num="1" count="1" type="stmt"/>
      <line num="2" count="1" type="stmt"/>
      <line num="4" count="1" type="stmt"/>
      <line num="6" count="1" type="stmt"/>
      <line num="18" count="1" type="stmt"/>
      <line num="19" count="1" type="stmt"/>
      <line num="24" count="1" type="stmt"/>
    </file>
    <file name="user.js" path="/Users/sarahallerheiligen/Desktop/CourseFeedback/models/user.js">
      <metrics statements="6" coveredstatements="5" conditionals="0" coveredconditionals="0" methods="1" coveredmethods="0"/>
      <line num="1" count="1" type="stmt"/>
      <line num="3" count="1" type="stmt"/>
      <line num="5" count="1" type="stmt"/>
      <line num="14" count="1" type="stmt"/>
      <line num="15" count="0" type="stmt"/>
      <line num="19" count="1" type="stmt"/>
    </file>
  </project>
</coverage>
