{"/Users/sarahallerheiligen/Desktop/CourseFeedback/models/class.js": {"path":"/Users/sarahallerheiligen/Desktop/CourseFeedback/models/class.js","statementMap":{"0":{"start":{"line":1,"column":15},"end":{"line":1,"column":34}},"1":{"start":{"line":3,"column":13},"end":{"line":3,"column":28}},"2":{"start":{"line":5,"column":18},"end":{"line":13,"column":2}},"3":{"start":{"line":18,"column":0},"end":{"line":20,"column":3}},"4":{"start":{"line":19,"column":2},"end":{"line":19,"column":41}},"5":{"start":{"line":23,"column":0},"end":{"line":23,"column":54}}},"fnMap":{"0":{"name":"(anonymous_0)","decl":{"start":{"line":18,"column":39},"end":{"line":18,"column":40}},"loc":{"start":{"line":18,"column":51},"end":{"line":20,"column":1}},"line":18}},"branchMap":{},"s":{"0":1,"1":1,"2":1,"3":1,"4":1,"5":1},"f":{"0":1},"b":{},"_coverageSchema":"1a1c01bbd47fc00a2c39e90264f33305004495a9","hash":"9ae049383eddb3143f89543661d4c61be2a7a122"}
,"/Users/sarahallerheiligen/Desktop/CourseFeedback/models/feedback.js": {"path":"/Users/sarahallerheiligen/Desktop/CourseFeedback/models/feedback.js","statementMap":{"0":{"start":{"line":1,"column":15},"end":{"line":1,"column":34}},"1":{"start":{"line":3,"column":13},"end":{"line":3,"column":28}},"2":{"start":{"line":5,"column":21},"end":{"line":21,"column":2}},"3":{"start":{"line":26,"column":0},"end":{"line":28,"column":3}},"4":{"start":{"line":27,"column":2},"end":{"line":27,"column":48}},"5":{"start":{"line":31,"column":0},"end":{"line":31,"column":60}}},"fnMap":{"0":{"name":"(anonymous_0)","decl":{"start":{"line":26,"column":38},"end":{"line":26,"column":39}},"loc":{"start":{"line":26,"column":50},"end":{"line":28,"column":1}},"line":26}},"branchMap":{},"s":{"0":2,"1":2,"2":2,"3":2,"4":1,"5":2},"f":{"0":1},"b":{},"_coverageSchema":"1a1c01bbd47fc00a2c39e90264f33305004495a9","hash":"dea78db7c10c2733559ee815303af84530128342"}
,"/Users/sarahallerheiligen/Desktop/CourseFeedback/models/lesson.js": {"path":"/Users/sarahallerheiligen/Desktop/CourseFeedback/models/lesson.js","statementMap":{"0":{"start":{"line":1,"column":15},"end":{"line":1,"column":34}},"1":{"start":{"line":2,"column":17},"end":{"line":2,"column":38}},"2":{"start":{"line":4,"column":13},"end":{"line":4,"column":28}},"3":{"start":{"line":6,"column":19},"end":{"line":12,"column":2}},"4":{"start":{"line":18,"column":0},"end":{"line":20,"column":4}},"5":{"start":{"line":19,"column":3},"end":{"line":19,"column":48}},"6":{"start":{"line":24,"column":0},"end":{"line":24,"column":56}}},"fnMap":{"0":{"name":"(anonymous_0)","decl":{"start":{"line":18,"column":40},"end":{"line":18,"column":41}},"loc":{"start":{"line":18,"column":52},"end":{"line":20,"column":2}},"line":18}},"branchMap":{},"s":{"0":1,"1":1,"2":1,"3":1,"4":1,"5":1,"6":1},"f":{"0":1},"b":{},"_coverageSchema":"1a1c01bbd47fc00a2c39e90264f33305004495a9","hash":"8071b3d8fd82965d5e52d3813678c8620255f778"}
,"/Users/sarahallerheiligen/Desktop/CourseFeedback/models/user.js": {"path":"/Users/sarahallerheiligen/Desktop/CourseFeedback/models/user.js","statementMap":{"0":{"start":{"line":1,"column":15},"end":{"line":1,"column":34}},"1":{"start":{"line":3,"column":13},"end":{"line":3,"column":28}},"2":{"start":{"line":5,"column":17},"end":{"line":10,"column":2}},"3":{"start":{"line":14,"column":0},"end":{"line":16,"column":3}},"4":{"start":{"line":15,"column":2},"end":{"line":15,"column":49}},"5":{"start":{"line":19,"column":0},"end":{"line":19,"column":52}}},"fnMap":{"0":{"name":"(anonymous_0)","decl":{"start":{"line":14,"column":31},"end":{"line":14,"column":32}},"loc":{"start":{"line":14,"column":43},"end":{"line":16,"column":1}},"line":14}},"branchMap":{},"s":{"0":1,"1":1,"2":1,"3":1,"4":0,"5":1},"f":{"0":0},"b":{},"_coverageSchema":"1a1c01bbd47fc00a2c39e90264f33305004495a9","hash":"9cd3982c45ece43c49fbb20f019b4feaafa4aab8"}
}
